2025-02-16 03:10:50 [main] INFO  testCases.Logintest - Initializing WebDriver...
2025-02-16 03:11:00 [main] INFO  testCases.Logintest - Opened the application URL.
2025-02-16 03:11:04 [main] INFO  testCases.TransferFund - Initializing WebDriver...
2025-02-16 03:11:08 [main] INFO  testCases.TransferFund - Opened the application URL.
2025-02-16 03:11:10 [main] INFO  testCases.TransferFund - *****    Login test started  *****
2025-02-16 03:11:11 [main] INFO  testCases.TransferFund - ** Entering username **
2025-02-16 03:11:11 [main] INFO  testCases.TransferFund - ** Entered username **
2025-02-16 03:11:11 [main] INFO  testCases.TransferFund - ** Entering password **
2025-02-16 03:11:11 [main] INFO  testCases.TransferFund - ** Entered password **
2025-02-16 03:11:12 [main] INFO  testCases.TransferFund - ** Clicked on the login button **
2025-02-16 03:11:12 [main] INFO  testCases.TransferFund - *****    TransferFunds test started  *****
2025-02-16 03:11:15 [main] INFO  testCases.TransferFund - *****    TransferFunds test completed  *****
2025-02-16 03:11:20 [main] INFO  testCases.Opennewaccount - Initializing WebDriver...
2025-02-16 03:11:26 [main] INFO  testCases.Opennewaccount - Opened the application URL.
2025-02-16 03:11:26 [main] INFO  testCases.Opennewaccount - *****    Login test started  *****
2025-02-16 03:11:26 [main] INFO  testCases.Opennewaccount - ** Entering username **
2025-02-16 03:11:27 [main] INFO  testCases.Opennewaccount - ** Entered username **
2025-02-16 03:11:27 [main] INFO  testCases.Opennewaccount - ** Entering password **
2025-02-16 03:11:27 [main] INFO  testCases.Opennewaccount - ** Entered password **
2025-02-16 03:11:28 [main] INFO  testCases.Opennewaccount - ** Clicked on the login button **
2025-02-16 03:11:28 [main] INFO  testCases.Opennewaccount - *****    Opening_New_Account test started  *****
2025-02-16 03:11:28 [main] INFO  testCases.Opennewaccount - ** Clicked on the opennewaccount link **
2025-02-16 03:11:28 [main] INFO  testCases.Opennewaccount - ** Clicked on the account type dropdown**
2025-02-16 03:11:29 [main] INFO  testCases.Opennewaccount - ** Selected saving option **
2025-02-16 03:11:29 [main] INFO  testCases.Opennewaccount - ** clicking on the oprnaccpountbutton
2025-02-16 03:11:31 [main] INFO  testCases.Opennewaccount - ** clicked on the oprnaccpountbutton
2025-02-16 03:11:31 [main] INFO  testCases.Registractionprocesstest - Initializing WebDriver...
2025-02-16 03:11:37 [main] INFO  testCases.Registractionprocesstest - Opened the application URL.
2025-02-16 03:11:40 [main] INFO  testCases.Homepagetest - Initializing WebDriver...
2025-02-16 03:11:45 [main] INFO  testCases.Homepagetest - Opened the application URL.
2025-02-16 03:11:45 [main] INFO  testCases.Homepagetest - *** Homepage test starting ****
2025-02-16 03:11:46 [main] INFO  testCases.Homepagetest - *** clicked on AdminPage link ****
2025-02-16 03:11:46 [main] INFO  testCases.Homepagetest - *** clicked on Contactus link ****
2025-02-16 03:11:47 [main] INFO  testCases.Homepagetest - *** clicked on Register link ****
2025-02-16 03:11:49 [main] INFO  testCases.Homepagetest - *** clicked on home link ****
2025-02-16 03:11:50 [main] INFO  testCases.Homepagetest - *** clicked on billpay link ****
2025-02-16 03:11:50 [main] INFO  testCases.Homepagetest - *** clicked on back arrow ****
2025-02-16 03:11:51 [main] INFO  testCases.Homepagetest - *** clicked on transfer funds ****
