2025-02-16 21:51:54 [main] INFO  testCases.Logintest - Initializing WebDriver...
2025-02-16 21:52:01 [main] INFO  testCases.Logintest - Opened the application URL.
2025-02-16 21:52:03 [main] INFO  testCases.TransferFund - Initializing WebDriver...
2025-02-16 21:52:07 [main] INFO  testCases.TransferFund - Opened the application URL.
2025-02-16 21:52:07 [main] INFO  testCases.TransferFund - *****    Login test started  *****
2025-02-16 21:52:07 [main] INFO  testCases.TransferFund - ** Entering username **
2025-02-16 21:52:07 [main] INFO  testCases.TransferFund - ** Entered username **
2025-02-16 21:52:07 [main] INFO  testCases.TransferFund - ** Entering password **
2025-02-16 21:52:07 [main] INFO  testCases.TransferFund - ** Entered password **
2025-02-16 21:52:08 [main] INFO  testCases.TransferFund - ** Clicked on the login button **
2025-02-16 21:52:08 [main] INFO  testCases.TransferFund - *****    TransferFunds test started  *****
2025-02-16 21:52:11 [main] INFO  testCases.TransferFund - *****    TransferFunds test completed  *****
2025-02-16 21:52:16 [main] INFO  testCases.Opennewaccount - Initializing WebDriver...
2025-02-16 21:52:21 [main] INFO  testCases.Opennewaccount - Opened the application URL.
2025-02-16 21:52:21 [main] INFO  testCases.Opennewaccount - *****    Login test started  *****
2025-02-16 21:52:21 [main] INFO  testCases.Opennewaccount - ** Entering username **
2025-02-16 21:52:21 [main] INFO  testCases.Opennewaccount - ** Entered username **
2025-02-16 21:52:21 [main] INFO  testCases.Opennewaccount - ** Entering password **
2025-02-16 21:52:21 [main] INFO  testCases.Opennewaccount - ** Entered password **
2025-02-16 21:52:22 [main] INFO  testCases.Opennewaccount - ** Clicked on the login button **
2025-02-16 21:52:22 [main] INFO  testCases.Opennewaccount - *****    Opening_New_Account test started  *****
2025-02-16 21:52:22 [main] INFO  testCases.Opennewaccount - ** Clicked on the opennewaccount link **
2025-02-16 21:52:22 [main] INFO  testCases.Opennewaccount - ** Clicked on the account type dropdown**
2025-02-16 21:52:23 [main] INFO  testCases.Opennewaccount - ** Selected saving option **
2025-02-16 21:52:23 [main] INFO  testCases.Opennewaccount - ** clicking on the oprnaccpountbutton
2025-02-16 21:52:25 [main] INFO  testCases.Opennewaccount - ** clicked on the oprnaccpountbutton
2025-02-16 21:52:25 [main] INFO  testCases.Registractionprocesstest - Initializing WebDriver...
2025-02-16 21:52:31 [main] INFO  testCases.Registractionprocesstest - Opened the application URL.
2025-02-16 21:52:33 [main] INFO  testCases.Homepagetest - Initializing WebDriver...
2025-02-16 21:52:35 [main] INFO  testCases.Homepagetest - Opened the application URL.
2025-02-16 21:52:37 [main] INFO  testCases.Homepagetest - *** Homepage test starting ****
2025-02-16 21:52:38 [main] INFO  testCases.Homepagetest - *** clicked on AdminPage link ****
2025-02-16 21:52:38 [main] INFO  testCases.Homepagetest - *** clicked on Contactus link ****
2025-02-16 21:52:39 [main] INFO  testCases.Homepagetest - *** clicked on Register link ****
2025-02-16 21:52:40 [main] INFO  testCases.Homepagetest - *** clicked on home link ****
2025-02-16 21:52:41 [main] INFO  testCases.Homepagetest - *** clicked on billpay link ****
2025-02-16 21:52:41 [main] INFO  testCases.Homepagetest - *** clicked on back arrow ****
2025-02-16 21:52:41 [main] INFO  testCases.Homepagetest - *** clicked on transfer funds ****
