2025-02-23 13:32:28 [main] INFO  testCases.Logintest - Initializing WebDriver...
2025-02-23 13:32:33 [main] INFO  testCases.Logintest - Opened the application URL.
2025-02-23 13:32:34 [main] INFO  testCases.TransferFund - Initializing WebDriver...
2025-02-23 13:32:39 [main] INFO  testCases.TransferFund - Opened the application URL.
2025-02-23 13:32:39 [main] INFO  testCases.TransferFund - *****    Login test started  *****
2025-02-23 13:32:39 [main] INFO  testCases.TransferFund - ** Entering username **
2025-02-23 13:32:39 [main] INFO  testCases.TransferFund - ** Entered username **
2025-02-23 13:32:39 [main] INFO  testCases.TransferFund - ** Entering password **
2025-02-23 13:32:39 [main] INFO  testCases.TransferFund - ** Entered password **
2025-02-23 13:32:39 [main] INFO  testCases.TransferFund - ** Clicked on the login button **
2025-02-23 13:32:39 [main] INFO  testCases.TransferFund - *****    TransferFunds test started  *****
2025-02-23 13:32:50 [main] INFO  testCases.Opennewaccount - Initializing WebDriver...
2025-02-23 13:33:00 [main] INFO  testCases.Opennewaccount - Opened the application URL.
2025-02-23 13:33:00 [main] INFO  testCases.Opennewaccount - *****    Login test started  *****
2025-02-23 13:33:00 [main] INFO  testCases.Opennewaccount - ** Entering username **
2025-02-23 13:33:00 [main] INFO  testCases.Opennewaccount - ** Entered username **
2025-02-23 13:33:00 [main] INFO  testCases.Opennewaccount - ** Entering password **
2025-02-23 13:33:00 [main] INFO  testCases.Opennewaccount - ** Entered password **
2025-02-23 13:33:00 [main] INFO  testCases.Opennewaccount - ** Clicked on the login button **
2025-02-23 13:33:00 [main] INFO  testCases.Opennewaccount - *****    Opening_New_Account test started  *****
2025-02-23 13:33:11 [main] INFO  testCases.Registractionprocesstest - Initializing WebDriver...
2025-02-23 13:33:15 [main] INFO  testCases.Registractionprocesstest - Opened the application URL.
2025-02-23 13:33:17 [main] INFO  testCases.Homepagetest - Initializing WebDriver...
2025-02-23 13:33:21 [main] INFO  testCases.Homepagetest - Opened the application URL.
2025-02-23 13:33:21 [main] INFO  testCases.Homepagetest - *** Homepage test starting ****
2025-02-23 13:33:22 [main] INFO  testCases.Homepagetest - *** clicked on AdminPage link ****
2025-02-23 13:33:23 [main] INFO  testCases.Homepagetest - *** clicked on Contactus link ****
2025-02-23 13:33:23 [main] INFO  testCases.Homepagetest - *** clicked on Register link ****
2025-02-23 13:33:25 [main] INFO  testCases.Homepagetest - *** clicked on home link ****
2025-02-23 13:33:25 [main] INFO  testCases.Homepagetest - *** clicked on billpay link ****
2025-02-23 13:33:25 [main] INFO  testCases.Homepagetest - *** clicked on back arrow ****
2025-02-23 13:33:26 [main] INFO  testCases.Homepagetest - *** clicked on transfer funds ****
